Release 14.7 - xst P.20131013 (lin)
Copyright (c) 1995-2013 Xilinx, Inc.  All rights reserved.
--> 
Parameter TMPDIR set to xst/projnav.tmp


Total REAL time to Xst completion: 0.00 secs
Total CPU time to Xst completion: 0.06 secs
 
--> 
Parameter xsthdpdir set to xst


Total REAL time to Xst completion: 0.00 secs
Total CPU time to Xst completion: 0.06 secs
 
--> 
Reading design: firstclock.prj

TABLE OF CONTENTS
  1) Synthesis Options Summary
  2) HDL Compilation
  3) Design Hierarchy Analysis
  4) HDL Analysis
  5) HDL Synthesis
     5.1) HDL Synthesis Report
  6) Advanced HDL Synthesis
     6.1) Advanced HDL Synthesis Report
  7) Low Level Synthesis
  8) Partition Report
  9) Final Report
	9.1) Device utilization summary
	9.2) Partition Resource Summary
	9.3) TIMING REPORT


=========================================================================
*                      Synthesis Options Summary                        *
=========================================================================
---- Source Parameters
Input File Name                    : "firstclock.prj"
Input Format                       : mixed
Ignore Synthesis Constraint File   : NO

---- Target Parameters
Output File Name                   : "firstclock"
Output Format                      : NGC
Target Device                      : xa3s700a-4-fgg484

---- Source Options
Top Module Name                    : firstclock
Automatic FSM Extraction           : YES
FSM Encoding Algorithm             : Auto
Safe Implementation                : No
FSM Style                          : LUT
RAM Extraction                     : Yes
RAM Style                          : Auto
ROM Extraction                     : Yes
Mux Style                          : Auto
Decoder Extraction                 : YES
Priority Encoder Extraction        : Yes
Shift Register Extraction          : YES
Logical Shifter Extraction         : YES
XOR Collapsing                     : YES
ROM Style                          : Auto
Mux Extraction                     : Yes
Resource Sharing                   : YES
Asynchronous To Synchronous        : NO
Multiplier Style                   : Auto
Automatic Register Balancing       : No

---- Target Options
Add IO Buffers                     : YES
Global Maximum Fanout              : 500
Add Generic Clock Buffer(BUFG)     : 24
Register Duplication               : YES
Slice Packing                      : YES
Optimize Instantiated Primitives   : NO
Use Clock Enable                   : Yes
Use Synchronous Set                : Yes
Use Synchronous Reset              : Yes
Pack IO Registers into IOBs        : Auto
Equivalent register Removal        : YES

---- General Options
Optimization Goal                  : Speed
Optimization Effort                : 1
Keep Hierarchy                     : No
Netlist Hierarchy                  : As_Optimized
RTL Output                         : Yes
Global Optimization                : AllClockNets
Read Cores                         : YES
Write Timing Constraints           : NO
Cross Clock Analysis               : NO
Hierarchy Separator                : /
Bus Delimiter                      : <>
Case Specifier                     : Maintain
Slice Utilization Ratio            : 100
BRAM Utilization Ratio             : 100
Verilog 2001                       : YES
Auto BRAM Packing                  : NO
Slice Utilization Ratio Delta      : 5

=========================================================================


=========================================================================
*                          HDL Compilation                              *
=========================================================================
Compiling vhdl file "/home/student/Downloads/firstclock.vhd" in Library work.
Entity <firstclock> compiled.
Entity <firstclock> (Architecture <Behavioral>) compiled.

=========================================================================
*                     Design Hierarchy Analysis                         *
=========================================================================
Analyzing hierarchy for entity <firstclock> in library <work> (architecture <Behavioral>).


=========================================================================
*                            HDL Analysis                               *
=========================================================================
Analyzing Entity <firstclock> in library <work> (Architecture <Behavioral>).
Entity <firstclock> analyzed. Unit <firstclock> generated.


=========================================================================
*                           HDL Synthesis                               *
=========================================================================

Performing bidirectional port resolution...

Synthesizing Unit <firstclock>.
    Related source file is "/home/student/Downloads/firstclock.vhd".
    Found 1-bit register for signal <myclk>.
    Found 25-bit adder for signal <myclk$add0000> created at line 43.
    Found 25-bit up counter for signal <x>.
    Summary:
	inferred   1 Counter(s).
	inferred   1 D-type flip-flop(s).
	inferred   1 Adder/Subtractor(s).
Unit <firstclock> synthesized.


=========================================================================
HDL Synthesis Report

Macro Statistics
# Adders/Subtractors                                   : 1
 25-bit adder                                          : 1
# Counters                                             : 1
 25-bit up counter                                     : 1
# Registers                                            : 1
 1-bit register                                        : 1

=========================================================================

=========================================================================
*                       Advanced HDL Synthesis                          *
=========================================================================


=========================================================================
Advanced HDL Synthesis Report

Macro Statistics
# Adders/Subtractors                                   : 1
 25-bit adder                                          : 1
# Counters                                             : 1
 25-bit up counter                                     : 1
# Registers                                            : 1
 Flip-Flops                                            : 1

=========================================================================

=========================================================================
*                         Low Level Synthesis                           *
=========================================================================

Optimizing unit <firstclock> ...

Mapping all equations...
Building and optimizing final netlist ...
Found area constraint ratio of 100 (+ 5) on block firstclock, actual ratio is 0.

Final Macro Processing ...

=========================================================================
Final Register Report

Macro Statistics
# Registers                                            : 26
 Flip-Flops                                            : 26

=========================================================================

=========================================================================
*                           Partition Report                            *
=========================================================================

Partition Implementation Status
-------------------------------

  No Partitions were found in this design.

-------------------------------

=========================================================================
*                            Final Report                               *
=========================================================================
Final Results
RTL Top Level Output File Name     : firstclock.ngr
Top Level Output File Name         : firstclock
Output Format                      : NGC
Optimization Goal                  : Speed
Keep Hierarchy                     : No

Design Statistics
# IOs                              : 3

Cell Usage :
# BELS                             : 166
#      GND                         : 1
#      INV                         : 3
#      LUT1                        : 49
#      LUT2                        : 1
#      LUT4                        : 6
#      MUXCY                       : 55
#      VCC                         : 1
#      XORCY                       : 50
# FlipFlops/Latches                : 26
#      FDE                         : 1
#      FDR                         : 25
# Clock Buffers                    : 1
#      BUFGP                       : 1
# IO Buffers                       : 2
#      IBUF                        : 1
#      OBUF                        : 1
=========================================================================

Device utilization summary:
---------------------------

Selected Device : xa3s700afgg484-4 

 Number of Slices:                       41  out of   5888     0%  
 Number of Slice Flip Flops:             26  out of  11776     0%  
 Number of 4 input LUTs:                 59  out of  11776     0%  
 Number of IOs:                           3
 Number of bonded IOBs:                   3  out of    372     0%  
 Number of GCLKs:                         1  out of     24     4%  

---------------------------
Partition Resource Summary:
---------------------------

  No Partitions were found in this design.

---------------------------


=========================================================================
TIMING REPORT

NOTE: THESE TIMING NUMBERS ARE ONLY A SYNTHESIS ESTIMATE.
      FOR ACCURATE TIMING INFORMATION PLEASE REFER TO THE TRACE REPORT
      GENERATED AFTER PLACE-and-ROUTE.

Clock Information:
------------------
-----------------------------------+------------------------+-------+
Clock Signal                       | Clock buffer(FF name)  | Load  |
-----------------------------------+------------------------+-------+
clk                                | BUFGP                  | 26    |
-----------------------------------+------------------------+-------+

Asynchronous Control Signals Information:
----------------------------------------
No asynchronous control signals found in this design

Timing Summary:
---------------
Speed Grade: -4

   Minimum period: 9.369ns (Maximum Frequency: 106.731MHz)
   Minimum input arrival time before clock: 2.792ns
   Maximum output required time after clock: 5.558ns
   Maximum combinational path delay: No path found

Timing Detail:
--------------
All values displayed in nanoseconds (ns)

=========================================================================
Timing constraint: Default period analysis for Clock 'clk'
  Clock period: 9.369ns (frequency: 106.731MHz)
  Total number of paths / destination ports: 8776 / 52
-------------------------------------------------------------------------
Delay:               9.369ns (Levels of Logic = 28)
  Source:            x_1 (FF)
  Destination:       myclk (FF)
  Source Clock:      clk rising
  Destination Clock: clk rising

  Data Path: x_1 to myclk
                                Gate     Net
    Cell:in->out      fanout   Delay   Delay  Logical Name (Net Name)
    ----------------------------------------  ------------
     FDR:C->Q              2   0.591   0.590  x_1 (x_1)
     LUT1:I0->O            1   0.648   0.000  Madd_myclk_add0000_cy<1>_rt (Madd_myclk_add0000_cy<1>_rt)
     MUXCY:S->O            1   0.632   0.000  Madd_myclk_add0000_cy<1> (Madd_myclk_add0000_cy<1>)
     MUXCY:CI->O           1   0.065   0.000  Madd_myclk_add0000_cy<2> (Madd_myclk_add0000_cy<2>)
     MUXCY:CI->O           1   0.065   0.000  Madd_myclk_add0000_cy<3> (Madd_myclk_add0000_cy<3>)
     MUXCY:CI->O           1   0.065   0.000  Madd_myclk_add0000_cy<4> (Madd_myclk_add0000_cy<4>)
     MUXCY:CI->O           1   0.065   0.000  Madd_myclk_add0000_cy<5> (Madd_myclk_add0000_cy<5>)
     MUXCY:CI->O           1   0.065   0.000  Madd_myclk_add0000_cy<6> (Madd_myclk_add0000_cy<6>)
     MUXCY:CI->O           1   0.065   0.000  Madd_myclk_add0000_cy<7> (Madd_myclk_add0000_cy<7>)
     MUXCY:CI->O           1   0.065   0.000  Madd_myclk_add0000_cy<8> (Madd_myclk_add0000_cy<8>)
     MUXCY:CI->O           1   0.065   0.000  Madd_myclk_add0000_cy<9> (Madd_myclk_add0000_cy<9>)
     MUXCY:CI->O           1   0.065   0.000  Madd_myclk_add0000_cy<10> (Madd_myclk_add0000_cy<10>)
     MUXCY:CI->O           1   0.065   0.000  Madd_myclk_add0000_cy<11> (Madd_myclk_add0000_cy<11>)
     MUXCY:CI->O           1   0.065   0.000  Madd_myclk_add0000_cy<12> (Madd_myclk_add0000_cy<12>)
     MUXCY:CI->O           1   0.065   0.000  Madd_myclk_add0000_cy<13> (Madd_myclk_add0000_cy<13>)
     MUXCY:CI->O           1   0.065   0.000  Madd_myclk_add0000_cy<14> (Madd_myclk_add0000_cy<14>)
     MUXCY:CI->O           1   0.065   0.000  Madd_myclk_add0000_cy<15> (Madd_myclk_add0000_cy<15>)
     MUXCY:CI->O           1   0.065   0.000  Madd_myclk_add0000_cy<16> (Madd_myclk_add0000_cy<16>)
     MUXCY:CI->O           1   0.065   0.000  Madd_myclk_add0000_cy<17> (Madd_myclk_add0000_cy<17>)
     XORCY:CI->O           1   0.844   0.563  Madd_myclk_add0000_xor<18> (myclk_add0000<18>)
     LUT1:I0->O            1   0.648   0.000  x_cmp_eq0000_wg_cy<0>_rt (x_cmp_eq0000_wg_cy<0>_rt)
     MUXCY:S->O            1   0.632   0.000  x_cmp_eq0000_wg_cy<0> (x_cmp_eq0000_wg_cy<0>)
     MUXCY:CI->O           1   0.065   0.000  x_cmp_eq0000_wg_cy<1> (x_cmp_eq0000_wg_cy<1>)
     MUXCY:CI->O           1   0.065   0.000  x_cmp_eq0000_wg_cy<2> (x_cmp_eq0000_wg_cy<2>)
     MUXCY:CI->O           1   0.065   0.000  x_cmp_eq0000_wg_cy<3> (x_cmp_eq0000_wg_cy<3>)
     MUXCY:CI->O           1   0.065   0.000  x_cmp_eq0000_wg_cy<4> (x_cmp_eq0000_wg_cy<4>)
     MUXCY:CI->O           1   0.065   0.000  x_cmp_eq0000_wg_cy<5> (x_cmp_eq0000_wg_cy<5>)
     MUXCY:CI->O          26   0.141   1.340  x_cmp_eq0000_wg_cy<6> (x_cmp_eq0000)
     LUT2:I1->O            1   0.643   0.420  myclk_not00021 (myclk_not0002)
     FDE:CE                    0.312          myclk
    ----------------------------------------
    Total                      9.369ns (6.456ns logic, 2.913ns route)
                                       (68.9% logic, 31.1% route)

=========================================================================
Timing constraint: Default OFFSET IN BEFORE for Clock 'clk'
  Total number of paths / destination ports: 1 / 1
-------------------------------------------------------------------------
Offset:              2.792ns (Levels of Logic = 2)
  Source:            en (PAD)
  Destination:       myclk (FF)
  Destination Clock: clk rising

  Data Path: en to myclk
                                Gate     Net
    Cell:in->out      fanout   Delay   Delay  Logical Name (Net Name)
    ----------------------------------------  ------------
     IBUF:I->O             1   0.849   0.563  en_IBUF (en_IBUF)
     LUT2:I0->O            1   0.648   0.420  myclk_not00021 (myclk_not0002)
     FDE:CE                    0.312          myclk
    ----------------------------------------
    Total                      2.792ns (1.809ns logic, 0.983ns route)
                                       (64.8% logic, 35.2% route)

=========================================================================
Timing constraint: Default OFFSET OUT AFTER for Clock 'clk'
  Total number of paths / destination ports: 1 / 1
-------------------------------------------------------------------------
Offset:              5.558ns (Levels of Logic = 1)
  Source:            myclk (FF)
  Destination:       led (PAD)
  Source Clock:      clk rising

  Data Path: myclk to led
                                Gate     Net
    Cell:in->out      fanout   Delay   Delay  Logical Name (Net Name)
    ----------------------------------------  ------------
     FDE:C->Q              2   0.591   0.447  myclk (myclk)
     OBUF:I->O                 4.520          led_OBUF (led)
    ----------------------------------------
    Total                      5.558ns (5.111ns logic, 0.447ns route)
                                       (92.0% logic, 8.0% route)

=========================================================================


Total REAL time to Xst completion: 4.00 secs
Total CPU time to Xst completion: 3.65 secs
 
--> 


Total memory usage is 166236 kilobytes

Number of errors   :    0 (   0 filtered)
Number of warnings :    0 (   0 filtered)
Number of infos    :    0 (   0 filtered)

